# JRE version: 7.0_07-b11
# Java VM: Java HotSpot(TM) 64-Bit Server VM (23.3-b01 mixed mode windows-amd64 compressed oops)
Heap
 PSYoungGen      total 18496K, used 15324K [0x00000000eaab0000, 0x00000000ebf50000, 0x0000000100000000)
  eden space 15872K, 80% used [0x00000000eaab0000,0x00000000eb719d68,0x00000000eba30000)
  from space 2624K, 99% used [0x00000000ebcc0000,0x00000000ebf4d650,0x00000000ebf50000)
  to   space 2624K, 0% used [0x00000000eba30000,0x00000000eba30000,0x00000000ebcc0000)
 ParOldGen       total 42240K, used 13720K [0x00000000c0000000, 0x00000000c2940000, 0x00000000eaab0000)
  object space 42240K, 32% used [0x00000000c0000000,0x00000000c0d66198,0x00000000c2940000)
 PSPermGen       total 21248K, used 5723K [0x00000000bae00000, 0x00000000bc2c0000, 0x00000000c0000000)
  object space 21248K, 26% used [0x00000000bae00000,0x00000000bb396c08,0x00000000bc2c0000)
GC Heap History (8 events):
Event: 1.086 GC heap before
{Heap before GC invocations=1 (full 0):
 PSYoungGen      total 18496K, used 15872K [0x00000000eaab0000, 0x00000000ebf50000, 0x0000000100000000)
  eden space 15872K, 100% used [0x00000000eaab0000,0x00000000eba30000,0x00000000eba30000)
  from space 2624K, 0% used [0x00000000ebcc0000,0x00000000ebcc0000,0x00000000ebf50000)
  to   space 2624K, 0% used [0x00000000eba30000,0x00000000eba30000,0x00000000ebcc0000)
 ParOldGen       total 42240K, used 0K [0x00000000c0000000, 0x00000000c2940000, 0x00000000eaab0000)
  object space 42240K, 0% used [0x00000000c0000000,0x00000000c0000000,0x00000000c2940000)
 PSPermGen       total 21248K, used 4969K [0x00000000bae00000, 0x00000000bc2c0000, 0x00000000c0000000)
  object space 21248K, 23% used [0x00000000bae00000,0x00000000bb2da400,0x00000000bc2c0000)
Event: 1.092 GC heap after
Heap after GC invocations=1 (full 0):
 PSYoungGen      total 18496K, used 2622K [0x00000000eaab0000, 0x00000000ebf50000, 0x0000000100000000)
  eden space 15872K, 0% used [0x00000000eaab0000,0x00000000eaab0000,0x00000000eba30000)
  from space 2624K, 99% used [0x00000000eba30000,0x00000000ebcbf968,0x00000000ebcc0000)
  to   space 2624K, 0% used [0x00000000ebcc0000,0x00000000ebcc0000,0x00000000ebf50000)
 ParOldGen       total 42240K, used 2430K [0x00000000c0000000, 0x00000000c2940000, 0x00000000eaab0000)
  object space 42240K, 5% used [0x00000000c0000000,0x00000000c025f980,0x00000000c2940000)
 PSPermGen       total 21248K, used 4969K [0x00000000bae00000, 0x00000000bc2c0000, 0x00000000c0000000)
  object space 21248K, 23% used [0x00000000bae00000,0x00000000bb2da400,0x00000000bc2c0000)
}
Event: 1.764 GC heap before
{Heap before GC invocations=2 (full 0):
 PSYoungGen      total 18496K, used 18494K [0x00000000eaab0000, 0x00000000ebf50000, 0x0000000100000000)
  eden space 15872K, 100% used [0x00000000eaab0000,0x00000000eba30000,0x00000000eba30000)
  from space 2624K, 99% used [0x00000000eba30000,0x00000000ebcbf968,0x00000000ebcc0000)
  to   space 2624K, 0% used [0x00000000ebcc0000,0x00000000ebcc0000,0x00000000ebf50000)
 ParOldGen       total 42240K, used 2430K [0x00000000c0000000, 0x00000000c2940000, 0x00000000eaab0000)
  object space 42240K, 5% used [0x00000000c0000000,0x00000000c025f980,0x00000000c2940000)
 PSPermGen       total 21248K, used 5078K [0x00000000bae00000, 0x00000000bc2c0000, 0x00000000c0000000)
  object space 21248K, 23% used [0x00000000bae00000,0x00000000bb2f5b40,0x00000000bc2c0000)
Event: 1.773 GC heap after
Heap after GC invocations=2 (full 0):
 PSYoungGen      total 18496K, used 2614K [0x00000000eaab0000, 0x00000000ebf50000, 0x0000000100000000)
  eden space 15872K, 0% used [0x00000000eaab0000,0x00000000eaab0000,0x00000000eba30000)
  from space 2624K, 99% used [0x00000000ebcc0000,0x00000000ebf4db88,0x00000000ebf50000)
  to   space 2624K, 0% used [0x00000000eba30000,0x00000000eba30000,0x00000000ebcc0000)
 ParOldGen       total 42240K, used 6021K [0x00000000c0000000, 0x00000000c2940000, 0x00000000eaab0000)
  object space 42240K, 14% used [0x00000000c0000000,0x00000000c05e1690,0x00000000c2940000)
 PSPermGen       total 21248K, used 5078K [0x00000000bae00000, 0x00000000bc2c0000, 0x00000000c0000000)
  object space 21248K, 23% used [0x00000000bae00000,0x00000000bb2f5b40,0x00000000bc2c0000)
}
Event: 2.628 GC heap before
{Heap before GC invocations=3 (full 0):
 PSYoungGen      total 18496K, used 18486K [0x00000000eaab0000, 0x00000000ebf50000, 0x0000000100000000)
  eden space 15872K, 100% used [0x00000000eaab0000,0x00000000eba30000,0x00000000eba30000)
  from space 2624K, 99% used [0x00000000ebcc0000,0x00000000ebf4db88,0x00000000ebf50000)
  to   space 2624K, 0% used [0x00000000eba30000,0x00000000eba30000,0x00000000ebcc0000)
 ParOldGen       total 42240K, used 6021K [0x00000000c0000000, 0x00000000c2940000, 0x00000000eaab0000)
  object space 42240K, 14% used [0x00000000c0000000,0x00000000c05e1690,0x00000000c2940000)
 PSPermGen       total 21248K, used 5641K [0x00000000bae00000, 0x00000000bc2c0000, 0x00000000c0000000)
  object space 21248K, 26% used [0x00000000bae00000,0x00000000bb382540,0x00000000bc2c0000)
Event: 2.640 GC heap after
Heap after GC invocations=3 (full 0):
 PSYoungGen      total 18496K, used 2613K [0x00000000eaab0000, 0x00000000ebf50000, 0x0000000100000000)
  eden space 15872K, 0% used [0x00000000eaab0000,0x00000000eaab0000,0x00000000eba30000)
  from space 2624K, 99% used [0x00000000eba30000,0x00000000ebcbd650,0x00000000ebcc0000)
  to   space 2624K, 0% used [0x00000000ebcc0000,0x00000000ebcc0000,0x00000000ebf50000)
 ParOldGen       total 42240K, used 9134K [0x00000000c0000000, 0x00000000c2940000, 0x00000000eaab0000)
  object space 42240K, 21% used [0x00000000c0000000,0x00000000c08eb878,0x00000000c2940000)
 PSPermGen       total 21248K, used 5641K [0x00000000bae00000, 0x00000000bc2c0000, 0x00000000c0000000)
  object space 21248K, 26% used [0x00000000bae00000,0x00000000bb382540,0x00000000bc2c0000)
}
Event: 2.861 GC heap before
{Heap before GC invocations=4 (full 0):
 PSYoungGen      total 18496K, used 18364K [0x00000000eaab0000, 0x00000000ebf50000, 0x0000000100000000)
  eden space 15872K, 99% used [0x00000000eaab0000,0x00000000eba11c90,0x00000000eba30000)
  from space 2624K, 99% used [0x00000000eba30000,0x00000000ebcbd650,0x00000000ebcc0000)
  to   space 2624K, 0% used [0x00000000ebcc0000,0x00000000ebcc0000,0x00000000ebf50000)
 ParOldGen       total 42240K, used 9134K [0x00000000c0000000, 0x00000000c2940000, 0x00000000eaab0000)
  object space 42240K, 21% used [0x00000000c0000000,0x00000000c08eb878,0x00000000c2940000)
 PSPermGen       total 21248K, used 5641K [0x00000000bae00000, 0x00000000bc2c0000, 0x00000000c0000000)
  object space 21248K, 26% used [0x00000000bae00000,0x00000000bb3827e8,0x00000000bc2c0000)
Event: 2.870 GC heap after
Heap after GC invocations=4 (full 0):
 PSYoungGen      total 18496K, used 2613K [0x00000000eaab0000, 0x00000000ebf50000, 0x0000000100000000)
  eden space 15872K, 0% used [0x00000000eaab0000,0x00000000eaab0000,0x00000000eba30000)
  from space 2624K, 99% used [0x00000000ebcc0000,0x00000000ebf4d650,0x00000000ebf50000)
  to   space 2624K, 0% used [0x00000000eba30000,0x00000000eba30000,0x00000000ebcc0000)
 ParOldGen       total 42240K, used 13720K [0x00000000c0000000, 0x00000000c2940000, 0x00000000eaab0000)
  object space 42240K, 32% used [0x00000000c0000000,0x00000000c0d66198,0x00000000c2940000)
 PSPermGen       total 21248K, used 5641K [0x00000000bae00000, 0x00000000bc2c0000, 0x00000000c0000000)
  object space 21248K, 26% used [0x00000000bae00000,0x00000000bb3827e8,0x00000000bc2c0000)
}

