# JRE version: 7.0_07-b11
# Java VM: Java HotSpot(TM) 64-Bit Server VM (23.3-b01 mixed mode windows-amd64 compressed oops)
Heap
 PSYoungGen      total 59904K, used 9040K [0x00000000eaab0000, 0x00000000f0b90000, 0x0000000100000000)
  eden space 49984K, 7% used [0x00000000eaab0000,0x00000000eae8ae10,0x00000000edb80000)
  from space 9920K, 51% used [0x00000000edb80000,0x00000000ee079210,0x00000000ee530000)
  to   space 9600K, 0% used [0x00000000f0230000,0x00000000f0230000,0x00000000f0b90000)
 ParOldGen       total 42240K, used 26913K [0x00000000c0000000, 0x00000000c2940000, 0x00000000eaab0000)
  object space 42240K, 63% used [0x00000000c0000000,0x00000000c1a487d0,0x00000000c2940000)
 PSPermGen       total 21248K, used 7161K [0x00000000bae00000, 0x00000000bc2c0000, 0x00000000c0000000)
  object space 21248K, 33% used [0x00000000bae00000,0x00000000bb4fe528,0x00000000bc2c0000)
GC Heap History (10 events):
Event: 4.347 GC heap before
{Heap before GC invocations=5 (full 0):
 PSYoungGen      total 34368K, used 34366K [0x00000000eaab0000, 0x00000000eced0000, 0x0000000100000000)
  eden space 31744K, 100% used [0x00000000eaab0000,0x00000000ec9b0000,0x00000000ec9b0000)
  from space 2624K, 99% used [0x00000000ecc40000,0x00000000ececf9e8,0x00000000eced0000)
  to   space 2624K, 0% used [0x00000000ec9b0000,0x00000000ec9b0000,0x00000000ecc40000)
 ParOldGen       total 42240K, used 13673K [0x00000000c0000000, 0x00000000c2940000, 0x00000000eaab0000)
  object space 42240K, 32% used [0x00000000c0000000,0x00000000c0d5a4f8,0x00000000c2940000)
 PSPermGen       total 21248K, used 6982K [0x00000000bae00000, 0x00000000bc2c0000, 0x00000000c0000000)
  object space 21248K, 32% used [0x00000000bae00000,0x00000000bb4d1818,0x00000000bc2c0000)
Event: 4.359 GC heap after
Heap after GC invocations=5 (full 0):
 PSYoungGen      total 34368K, used 2622K [0x00000000eaab0000, 0x00000000eced0000, 0x0000000100000000)
  eden space 31744K, 0% used [0x00000000eaab0000,0x00000000eaab0000,0x00000000ec9b0000)
  from space 2624K, 99% used [0x00000000ec9b0000,0x00000000ecc3f9e8,0x00000000ecc40000)
  to   space 2624K, 0% used [0x00000000ecc40000,0x00000000ecc40000,0x00000000eced0000)
 ParOldGen       total 42240K, used 20694K [0x00000000c0000000, 0x00000000c2940000, 0x00000000eaab0000)
  object space 42240K, 48% used [0x00000000c0000000,0x00000000c1435b20,0x00000000c2940000)
 PSPermGen       total 21248K, used 6982K [0x00000000bae00000, 0x00000000bc2c0000, 0x00000000c0000000)
  object space 21248K, 32% used [0x00000000bae00000,0x00000000bb4d1818,0x00000000bc2c0000)
}
Event: 4.691 GC heap before
{Heap before GC invocations=6 (full 0):
 PSYoungGen      total 34368K, used 34366K [0x00000000eaab0000, 0x00000000eced0000, 0x0000000100000000)
  eden space 31744K, 100% used [0x00000000eaab0000,0x00000000ec9b0000,0x00000000ec9b0000)
  from space 2624K, 99% used [0x00000000ec9b0000,0x00000000ecc3f9e8,0x00000000ecc40000)
  to   space 2624K, 0% used [0x00000000ecc40000,0x00000000ecc40000,0x00000000eced0000)
 ParOldGen       total 42240K, used 20694K [0x00000000c0000000, 0x00000000c2940000, 0x00000000eaab0000)
  object space 42240K, 48% used [0x00000000c0000000,0x00000000c1435b20,0x00000000c2940000)
 PSPermGen       total 21248K, used 7039K [0x00000000bae00000, 0x00000000bc2c0000, 0x00000000c0000000)
  object space 21248K, 33% used [0x00000000bae00000,0x00000000bb4dfe10,0x00000000bc2c0000)
Event: 4.697 GC heap after
Heap after GC invocations=6 (full 0):
 PSYoungGen      total 27712K, used 2597K [0x00000000eaab0000, 0x00000000efad0000, 0x0000000100000000)
  eden space 25088K, 0% used [0x00000000eaab0000,0x00000000eaab0000,0x00000000ec330000)
  from space 2624K, 98% used [0x00000000ecc40000,0x00000000ecec9410,0x00000000eced0000)
  to   space 9280K, 0% used [0x00000000ec330000,0x00000000ec330000,0x00000000ecc40000)
 ParOldGen       total 42240K, used 24272K [0x00000000c0000000, 0x00000000c2940000, 0x00000000eaab0000)
  object space 42240K, 57% used [0x00000000c0000000,0x00000000c17b40d8,0x00000000c2940000)
 PSPermGen       total 21248K, used 7039K [0x00000000bae00000, 0x00000000bc2c0000, 0x00000000c0000000)
  object space 21248K, 33% used [0x00000000bae00000,0x00000000bb4dfe10,0x00000000bc2c0000)
}
Event: 4.869 GC heap before
{Heap before GC invocations=7 (full 0):
 PSYoungGen      total 27712K, used 27685K [0x00000000eaab0000, 0x00000000efad0000, 0x0000000100000000)
  eden space 25088K, 100% used [0x00000000eaab0000,0x00000000ec330000,0x00000000ec330000)
  from space 2624K, 98% used [0x00000000ecc40000,0x00000000ecec9410,0x00000000eced0000)
  to   space 9280K, 0% used [0x00000000ec330000,0x00000000ec330000,0x00000000ecc40000)
 ParOldGen       total 42240K, used 24272K [0x00000000c0000000, 0x00000000c2940000, 0x00000000eaab0000)
  object space 42240K, 57% used [0x00000000c0000000,0x00000000c17b40d8,0x00000000c2940000)
 PSPermGen       total 21248K, used 7056K [0x00000000bae00000, 0x00000000bc2c0000, 0x00000000c0000000)
  object space 21248K, 33% used [0x00000000bae00000,0x00000000bb4e4268,0x00000000bc2c0000)
Event: 4.875 GC heap after
Heap after GC invocations=7 (full 0):
 PSYoungGen      total 34368K, used 2823K [0x00000000eaab0000, 0x00000000eeeb0000, 0x0000000100000000)
  eden space 25088K, 0% used [0x00000000eaab0000,0x00000000eaab0000,0x00000000ec330000)
  from space 9280K, 30% used [0x00000000ec330000,0x00000000ec5f1e98,0x00000000ecc40000)
  to   space 9728K, 0% used [0x00000000ee530000,0x00000000ee530000,0x00000000eeeb0000)
 ParOldGen       total 42240K, used 25727K [0x00000000c0000000, 0x00000000c2940000, 0x00000000eaab0000)
  object space 42240K, 60% used [0x00000000c0000000,0x00000000c191fe18,0x00000000c2940000)
 PSPermGen       total 21248K, used 7056K [0x00000000bae00000, 0x00000000bc2c0000, 0x00000000c0000000)
  object space 21248K, 33% used [0x00000000bae00000,0x00000000bb4e4268,0x00000000bc2c0000)
}
Event: 5.021 GC heap before
{Heap before GC invocations=8 (full 0):
 PSYoungGen      total 34368K, used 26717K [0x00000000eaab0000, 0x00000000eeeb0000, 0x0000000100000000)
  eden space 25088K, 95% used [0x00000000eaab0000,0x00000000ec2057d8,0x00000000ec330000)
  from space 9280K, 30% used [0x00000000ec330000,0x00000000ec5f1e98,0x00000000ecc40000)
  to   space 9728K, 0% used [0x00000000ee530000,0x00000000ee530000,0x00000000eeeb0000)
 ParOldGen       total 42240K, used 25727K [0x00000000c0000000, 0x00000000c2940000, 0x00000000eaab0000)
  object space 42240K, 60% used [0x00000000c0000000,0x00000000c191fe18,0x00000000c2940000)
 PSPermGen       total 21248K, used 7148K [0x00000000bae00000, 0x00000000bc2c0000, 0x00000000c0000000)
  object space 21248K, 33% used [0x00000000bae00000,0x00000000bb4fb128,0x00000000bc2c0000)
Event: 5.025 GC heap after
Heap after GC invocations=8 (full 0):
 PSYoungGen      total 59712K, used 3224K [0x00000000eaab0000, 0x00000000eef10000, 0x0000000100000000)
  eden space 49984K, 0% used [0x00000000eaab0000,0x00000000eaab0000,0x00000000edb80000)
  from space 9728K, 33% used [0x00000000ee530000,0x00000000ee8561a0,0x00000000eeeb0000)
  to   space 9920K, 0% used [0x00000000edb80000,0x00000000edb80000,0x00000000ee530000)
 ParOldGen       total 42240K, used 26441K [0x00000000c0000000, 0x00000000c2940000, 0x00000000eaab0000)
  object space 42240K, 62% used [0x00000000c0000000,0x00000000c19d27d0,0x00000000c2940000)
 PSPermGen       total 21248K, used 7148K [0x00000000bae00000, 0x00000000bc2c0000, 0x00000000c0000000)
  object space 21248K, 33% used [0x00000000bae00000,0x00000000bb4fb128,0x00000000bc2c0000)
}
Event: 5.320 GC heap before
{Heap before GC invocations=9 (full 0):
 PSYoungGen      total 59712K, used 53208K [0x00000000eaab0000, 0x00000000eef10000, 0x0000000100000000)
  eden space 49984K, 100% used [0x00000000eaab0000,0x00000000edb80000,0x00000000edb80000)
  from space 9728K, 33% used [0x00000000ee530000,0x00000000ee8561a0,0x00000000eeeb0000)
  to   space 9920K, 0% used [0x00000000edb80000,0x00000000edb80000,0x00000000ee530000)
 ParOldGen       total 42240K, used 26441K [0x00000000c0000000, 0x00000000c2940000, 0x00000000eaab0000)
  object space 42240K, 62% used [0x00000000c0000000,0x00000000c19d27d0,0x00000000c2940000)
 PSPermGen       total 21248K, used 7160K [0x00000000bae00000, 0x00000000bc2c0000, 0x00000000c0000000)
  object space 21248K, 33% used [0x00000000bae00000,0x00000000bb4fe1d8,0x00000000bc2c0000)
Event: 5.324 GC heap after
Heap after GC invocations=9 (full 0):
 PSYoungGen      total 59904K, used 5092K [0x00000000eaab0000, 0x00000000f0b90000, 0x0000000100000000)
  eden space 49984K, 0% used [0x00000000eaab0000,0x00000000eaab0000,0x00000000edb80000)
  from space 9920K, 51% used [0x00000000edb80000,0x00000000ee079210,0x00000000ee530000)
  to   space 9600K, 0% used [0x00000000f0230000,0x00000000f0230000,0x00000000f0b90000)
 ParOldGen       total 42240K, used 26913K [0x00000000c0000000, 0x00000000c2940000, 0x00000000eaab0000)
  object space 42240K, 63% used [0x00000000c0000000,0x00000000c1a487d0,0x00000000c2940000)
 PSPermGen       total 21248K, used 7160K [0x00000000bae00000, 0x00000000bc2c0000, 0x00000000c0000000)
  object space 21248K, 33% used [0x00000000bae00000,0x00000000bb4fe1d8,0x00000000bc2c0000)
}

